<?xml version="1.0" encoding="UTF-8" ?>
<testsuite failures="0" time="0.061" errors="0" skipped="0" tests="1" name="uk.ac.nottingham.portal.portlets.ugadetails.models.PersonTestCase">
  <properties>
    <property name="java.runtime.name" value="Java(TM) SE Runtime Environment"/>
    <property name="sun.boot.library.path" value="/System/Library/Java/JavaVirtualMachines/1.6.0.jdk/Contents/Libraries"/>
    <property name="java.vm.version" value="17.1-b03-307"/>
    <property name="awt.nativeDoubleBuffering" value="true"/>
    <property name="gopherProxySet" value="false"/>
    <property name="mrj.build" value="10M3261"/>
    <property name="java.vm.vendor" value="Apple Inc."/>
    <property name="java.vendor.url" value="http://www.apple.com/"/>
    <property name="path.separator" value=":"/>
    <property name="java.vm.name" value="Java HotSpot(TM) 64-Bit Server VM"/>
    <property name="file.encoding.pkg" value="sun.io"/>
    <property name="user.country" value="US"/>
    <property name="sun.java.launcher" value="SUN_STANDARD"/>
    <property name="sun.os.patch.level" value="unknown"/>
    <property name="java.vm.specification.name" value="Java Virtual Machine Specification"/>
    <property name="user.dir" value="/Users/shaunhare/Projects/Luminis/portlets/ugadetails/trunk"/>
    <property name="java.runtime.version" value="1.6.0_22-b04-307-10M3261"/>
    <property name="java.awt.graphicsenv" value="apple.awt.CGraphicsEnvironment"/>
    <property name="basedir" value="/Users/shaunhare/Projects/Luminis/portlets/ugadetails/trunk"/>
    <property name="java.endorsed.dirs" value="/System/Library/Java/JavaVirtualMachines/1.6.0.jdk/Contents/Home/lib/endorsed"/>
    <property name="os.arch" value="x86_64"/>
    <property name="surefire.real.class.path" value="/var/folders/l8/l8rOA0pcEuekTCOXbxsNlk+++TI/-Tmp-/surefirebooter922839237813766220.jar"/>
    <property name="java.io.tmpdir" value="/var/folders/l8/l8rOA0pcEuekTCOXbxsNlk+++TI/-Tmp-/"/>
    <property name="line.separator" value="
"/>
    <property name="java.vm.specification.vendor" value="Sun Microsystems Inc."/>
    <property name="https.proxyHost" value="mainproxy.nottingham.ac.uk"/>
    <property name="os.name" value="Mac OS X"/>
    <property name="sun.jnu.encoding" value="MacRoman"/>
    <property name="java.library.path" value="/Applications/IntelliJ IDEA 9.0.3.app/Contents/Resources/Java:/System/Library/PrivateFrameworks/JavaApplicationLauncher.framework/Resources:.:/Library/Java/Extensions:/System/Library/Java/Extensions:/usr/lib/java"/>
    <property name="http.proxyPort" value="8080"/>
    <property name="surefire.test.class.path" value="/Users/shaunhare/Projects/Luminis/portlets/ugadetails/trunk/target/test-classes:/Users/shaunhare/Projects/Luminis/portlets/ugadetails/trunk/target/classes:/Users/shaunhare/.m2/repository/commons-logging/commons-logging/1.0.4/commons-logging-1.0.4.jar:/Users/shaunhare/.m2/repository/log4j/log4j/1.2.12/log4j-1.2.12.jar:/Users/shaunhare/.m2/repository/javax/servlet/jstl/1.1.2/jstl-1.1.2.jar:/Users/shaunhare/.m2/repository/taglibs/standard/1.1.2/standard-1.1.2.jar:/Users/shaunhare/.m2/repository/org/apache/portals/pluto/pluto-taglib/2.0.0/pluto-taglib-2.0.0.jar:/Users/shaunhare/.m2/repository/org/springframework/spring-webmvc-portlet/3.0.5.RELEASE/spring-webmvc-portlet-3.0.5.RELEASE.jar:/Users/shaunhare/.m2/repository/org/springframework/spring-asm/3.0.5.RELEASE/spring-asm-3.0.5.RELEASE.jar:/Users/shaunhare/.m2/repository/org/springframework/spring-beans/3.0.5.RELEASE/spring-beans-3.0.5.RELEASE.jar:/Users/shaunhare/.m2/repository/org/springframework/spring-core/3.0.5.RELEASE/spring-core-3.0.5.RELEASE.jar:/Users/shaunhare/.m2/repository/org/springframework/spring-context/3.0.5.RELEASE/spring-context-3.0.5.RELEASE.jar:/Users/shaunhare/.m2/repository/org/springframework/spring-aop/3.0.3.RELEASE/spring-aop-3.0.3.RELEASE.jar:/Users/shaunhare/.m2/repository/aopalliance/aopalliance/1.0/aopalliance-1.0.jar:/Users/shaunhare/.m2/repository/org/springframework/spring-expression/3.0.3.RELEASE/spring-expression-3.0.3.RELEASE.jar:/Users/shaunhare/.m2/repository/org/springframework/spring-web/3.0.5.RELEASE/spring-web-3.0.5.RELEASE.jar:/Users/shaunhare/.m2/repository/org/springframework/spring-webmvc/3.0.5.RELEASE/spring-webmvc-3.0.5.RELEASE.jar:/Users/shaunhare/.m2/repository/org/springframework/spring-context-support/3.0.5.RELEASE/spring-context-support-3.0.5.RELEASE.jar:/Users/shaunhare/.m2/repository/org/springframework/spring-jdbc/3.0.5.RELEASE/spring-jdbc-3.0.5.RELEASE.jar:/Users/shaunhare/.m2/repository/org/springframework/spring-tx/3.0.5.RELEASE/spring-tx-3.0.5.RELEASE.jar:/Users/shaunhare/.m2/repository/org/springframework/security/spring-security-core/3.0.5.RELEASE/spring-security-core-3.0.5.RELEASE.jar:/Users/shaunhare/.m2/repository/org/aspectj/aspectjrt/1.6.8/aspectjrt-1.6.8.jar:/Users/shaunhare/.m2/repository/org/aspectj/aspectjweaver/1.6.8/aspectjweaver-1.6.8.jar:/Users/shaunhare/.m2/repository/org/springframework/security/spring-security-portlet/2.0.5.RELEASE/spring-security-portlet-2.0.5.RELEASE.jar:/Users/shaunhare/.m2/repository/org/springframework/spring-dao/2.0.8/spring-dao-2.0.8.jar:/Users/shaunhare/.m2/repository/org/springframework/spring-portlet/2.0.8/spring-portlet-2.0.8.jar:/Users/shaunhare/.m2/repository/net/sf/ehcache/ehcache/1.4.1/ehcache-1.4.1.jar:/Users/shaunhare/.m2/repository/net/sf/jsr107cache/jsr107cache/1.0/jsr107cache-1.0.jar:/Users/shaunhare/.m2/repository/backport-util-concurrent/backport-util-concurrent/3.1/backport-util-concurrent-3.1.jar:/Users/shaunhare/.m2/repository/commons-collections/commons-collections/3.2/commons-collections-3.2.jar:/Users/shaunhare/.m2/repository/org/springframework/security/spring-security-taglibs/3.0.5.RELEASE/spring-security-taglibs-3.0.5.RELEASE.jar:/Users/shaunhare/.m2/repository/org/springframework/security/spring-security-web/3.0.5.RELEASE/spring-security-web-3.0.5.RELEASE.jar:/Users/shaunhare/.m2/repository/org/springframework/security/spring-security-acl/3.0.5.RELEASE/spring-security-acl-3.0.5.RELEASE.jar:/Users/shaunhare/.m2/repository/javax/portlet/portlet-api/2.0/portlet-api-2.0.jar:/Users/shaunhare/.m2/repository/javax/servlet/servlet-api/2.4/servlet-api-2.4.jar:/Users/shaunhare/.m2/repository/javax/servlet/jsp/jsp-api/2.2/jsp-api-2.2.jar:/Users/shaunhare/.m2/repository/junit/junit/4.6/junit-4.6.jar:/Users/shaunhare/.m2/repository/org/springframework/spring-mock/2.0/spring-mock-2.0.jar:/Users/shaunhare/.m2/repository/org/springframework/spring-jpa/2.0/spring-jpa-2.0.jar:/Users/shaunhare/.m2/repository/com/sghe/luminis/luminis-person-shared/1.0/luminis-person-shared-1.0.jar:/Users/shaunhare/.m2/repository/com/sghe/luminis/session/luminis-session/1.0/luminis-session-1.0.jar:"/>
    <property name="java.specification.name" value="Java Platform API Specification"/>
    <property name="java.class.version" value="50.0"/>
    <property name="sun.management.compiler" value="HotSpot 64-Bit Server Compiler"/>
    <property name="os.version" value="10.6.5"/>
    <property name="http.nonProxyHosts" value="local|*.local|169.254/16|*.169.254/16"/>
    <property name="user.home" value="/Users/shaunhare"/>
    <property name="user.timezone" value=""/>
    <property name="java.awt.printerjob" value="apple.awt.CPrinterJob"/>
    <property name="java.specification.version" value="1.6"/>
    <property name="file.encoding" value="MacRoman"/>
    <property name="user.name" value="shaunhare"/>
    <property name="java.class.path" value="/Users/shaunhare/Projects/Luminis/portlets/ugadetails/trunk/target/test-classes:/Users/shaunhare/Projects/Luminis/portlets/ugadetails/trunk/target/classes:/Users/shaunhare/.m2/repository/commons-logging/commons-logging/1.0.4/commons-logging-1.0.4.jar:/Users/shaunhare/.m2/repository/log4j/log4j/1.2.12/log4j-1.2.12.jar:/Users/shaunhare/.m2/repository/javax/servlet/jstl/1.1.2/jstl-1.1.2.jar:/Users/shaunhare/.m2/repository/taglibs/standard/1.1.2/standard-1.1.2.jar:/Users/shaunhare/.m2/repository/org/apache/portals/pluto/pluto-taglib/2.0.0/pluto-taglib-2.0.0.jar:/Users/shaunhare/.m2/repository/org/springframework/spring-webmvc-portlet/3.0.5.RELEASE/spring-webmvc-portlet-3.0.5.RELEASE.jar:/Users/shaunhare/.m2/repository/org/springframework/spring-asm/3.0.5.RELEASE/spring-asm-3.0.5.RELEASE.jar:/Users/shaunhare/.m2/repository/org/springframework/spring-beans/3.0.5.RELEASE/spring-beans-3.0.5.RELEASE.jar:/Users/shaunhare/.m2/repository/org/springframework/spring-core/3.0.5.RELEASE/spring-core-3.0.5.RELEASE.jar:/Users/shaunhare/.m2/repository/org/springframework/spring-context/3.0.5.RELEASE/spring-context-3.0.5.RELEASE.jar:/Users/shaunhare/.m2/repository/org/springframework/spring-aop/3.0.3.RELEASE/spring-aop-3.0.3.RELEASE.jar:/Users/shaunhare/.m2/repository/aopalliance/aopalliance/1.0/aopalliance-1.0.jar:/Users/shaunhare/.m2/repository/org/springframework/spring-expression/3.0.3.RELEASE/spring-expression-3.0.3.RELEASE.jar:/Users/shaunhare/.m2/repository/org/springframework/spring-web/3.0.5.RELEASE/spring-web-3.0.5.RELEASE.jar:/Users/shaunhare/.m2/repository/org/springframework/spring-webmvc/3.0.5.RELEASE/spring-webmvc-3.0.5.RELEASE.jar:/Users/shaunhare/.m2/repository/org/springframework/spring-context-support/3.0.5.RELEASE/spring-context-support-3.0.5.RELEASE.jar:/Users/shaunhare/.m2/repository/org/springframework/spring-jdbc/3.0.5.RELEASE/spring-jdbc-3.0.5.RELEASE.jar:/Users/shaunhare/.m2/repository/org/springframework/spring-tx/3.0.5.RELEASE/spring-tx-3.0.5.RELEASE.jar:/Users/shaunhare/.m2/repository/org/springframework/security/spring-security-core/3.0.5.RELEASE/spring-security-core-3.0.5.RELEASE.jar:/Users/shaunhare/.m2/repository/org/aspectj/aspectjrt/1.6.8/aspectjrt-1.6.8.jar:/Users/shaunhare/.m2/repository/org/aspectj/aspectjweaver/1.6.8/aspectjweaver-1.6.8.jar:/Users/shaunhare/.m2/repository/org/springframework/security/spring-security-portlet/2.0.5.RELEASE/spring-security-portlet-2.0.5.RELEASE.jar:/Users/shaunhare/.m2/repository/org/springframework/spring-dao/2.0.8/spring-dao-2.0.8.jar:/Users/shaunhare/.m2/repository/org/springframework/spring-portlet/2.0.8/spring-portlet-2.0.8.jar:/Users/shaunhare/.m2/repository/net/sf/ehcache/ehcache/1.4.1/ehcache-1.4.1.jar:/Users/shaunhare/.m2/repository/net/sf/jsr107cache/jsr107cache/1.0/jsr107cache-1.0.jar:/Users/shaunhare/.m2/repository/backport-util-concurrent/backport-util-concurrent/3.1/backport-util-concurrent-3.1.jar:/Users/shaunhare/.m2/repository/commons-collections/commons-collections/3.2/commons-collections-3.2.jar:/Users/shaunhare/.m2/repository/org/springframework/security/spring-security-taglibs/3.0.5.RELEASE/spring-security-taglibs-3.0.5.RELEASE.jar:/Users/shaunhare/.m2/repository/org/springframework/security/spring-security-web/3.0.5.RELEASE/spring-security-web-3.0.5.RELEASE.jar:/Users/shaunhare/.m2/repository/org/springframework/security/spring-security-acl/3.0.5.RELEASE/spring-security-acl-3.0.5.RELEASE.jar:/Users/shaunhare/.m2/repository/javax/portlet/portlet-api/2.0/portlet-api-2.0.jar:/Users/shaunhare/.m2/repository/javax/servlet/servlet-api/2.4/servlet-api-2.4.jar:/Users/shaunhare/.m2/repository/javax/servlet/jsp/jsp-api/2.2/jsp-api-2.2.jar:/Users/shaunhare/.m2/repository/junit/junit/4.6/junit-4.6.jar:/Users/shaunhare/.m2/repository/org/springframework/spring-mock/2.0/spring-mock-2.0.jar:/Users/shaunhare/.m2/repository/org/springframework/spring-jpa/2.0/spring-jpa-2.0.jar:/Users/shaunhare/.m2/repository/com/sghe/luminis/luminis-person-shared/1.0/luminis-person-shared-1.0.jar:/Users/shaunhare/.m2/repository/com/sghe/luminis/session/luminis-session/1.0/luminis-session-1.0.jar:"/>
    <property name="java.vm.specification.version" value="1.0"/>
    <property name="sun.arch.data.model" value="64"/>
    <property name="java.home" value="/System/Library/Java/JavaVirtualMachines/1.6.0.jdk/Contents/Home"/>
    <property name="java.specification.vendor" value="Sun Microsystems Inc."/>
    <property name="user.language" value="en"/>
    <property name="awt.toolkit" value="apple.awt.CToolkit"/>
    <property name="java.vm.info" value="mixed mode"/>
    <property name="java.version" value="1.6.0_22"/>
    <property name="java.ext.dirs" value="/Library/Java/Extensions:/System/Library/Java/Extensions:/System/Library/Java/JavaVirtualMachines/1.6.0.jdk/Contents/Home/lib/ext"/>
    <property name="http.proxyHost" value="mainproxy.nottingham.ac.uk"/>
    <property name="sun.boot.class.path" value="/System/Library/Java/JavaVirtualMachines/1.6.0.jdk/Contents/Classes/jsfd.jar:/System/Library/Java/JavaVirtualMachines/1.6.0.jdk/Contents/Classes/classes.jar:/System/Library/Frameworks/JavaVM.framework/Frameworks/JavaRuntimeSupport.framework/Resources/Java/JavaRuntimeSupport.jar:/System/Library/Java/JavaVirtualMachines/1.6.0.jdk/Contents/Classes/ui.jar:/System/Library/Java/JavaVirtualMachines/1.6.0.jdk/Contents/Classes/laf.jar:/System/Library/Java/JavaVirtualMachines/1.6.0.jdk/Contents/Classes/sunrsasign.jar:/System/Library/Java/JavaVirtualMachines/1.6.0.jdk/Contents/Classes/jsse.jar:/System/Library/Java/JavaVirtualMachines/1.6.0.jdk/Contents/Classes/jce.jar:/System/Library/Java/JavaVirtualMachines/1.6.0.jdk/Contents/Classes/charsets.jar"/>
    <property name="java.vendor" value="Apple Inc."/>
    <property name="localRepository" value="/Users/shaunhare/.m2/repository"/>
    <property name="file.separator" value="/"/>
    <property name="java.vendor.url.bug" value="http://bugreport.apple.com/"/>
    <property name="sun.cpu.endian" value="little"/>
    <property name="sun.io.unicode.encoding" value="UnicodeLittle"/>
    <property name="mrj.version" value="1060.1.6.0_22-307"/>
    <property name="https.proxyPort" value="8080"/>
    <property name="socksNonProxyHosts" value="local|*.local|169.254/16|*.169.254/16"/>
    <property name="ftp.nonProxyHosts" value="local|*.local|169.254/16|*.169.254/16"/>
    <property name="sun.cpu.isalist" value=""/>
  </properties>
  <testcase time="0.032" classname="uk.ac.nottingham.portal.portlets.ugadetails.models.PersonTestCase" name="testIsDirectApplicant_ReturnsFalseWhenApplicantTypeisUCAS"/>
</testsuite>